<?xml version="1.0" encoding="UTF-8"?>
<testsuites name="Apps_FlashSale_appPendaki" time="147.962" tests="2" failures="0" errors="0">
   <testsuite name="Apps_FlashSale_appPendaki" tests="2" failures="0" errors="0" time="147.962" skipped="0" timestamp="2023-06-18 21:50:30" hostname="joindomain - SMF-Testing-TI.smfpersero.co.id" id="Test Suites/Apps_MobileTest/Apps_FlashSale_appPendaki">
      <properties>
         <property name="deviceName" value="realme RMX2030 (Android 10)"/>
         <property name="devicePlatform" value=""/>
         <property name="logFolder" value="C:\\Users\\joindomain\\Katalon_Studio\\EduApp\\Reports\\20230618_215014\\Apps_MobileTest\\Apps_FlashSale_appPendaki\\20230618_215014"/>
         <property name="logFiles" value="C:\\Users\\joindomain\\Katalon_Studio\\EduApp\\Reports\\20230618_215014\\Apps_MobileTest\\Apps_FlashSale_appPendaki\\20230618_215014\\appium.log, C:\\Users\\joindomain\\Katalon_Studio\\EduApp\\Reports\\20230618_215014\\Apps_MobileTest\\Apps_FlashSale_appPendaki\\20230618_215014\\execution0.log"/>
         <property name="attachments" value=""/>
         <property name="hostName" value="joindomain - SMF-Testing-TI.smfpersero.co.id"/>
         <property name="os" value="Windows 10 64bit"/>
         <property name="appiumServerStatus" value="{&quot;value&quot;:{&quot;build&quot;:{&quot;version&quot;:&quot;1.22.3&quot;}},&quot;sessionId&quot;:null,&quot;status&quot;:0}"/>
         <property name="katalonVersion" value="8.6.0.208"/>
         <property name="deviceOS" value="Android"/>
         <property name="appiumVersion" value="1.22.3"/>
         <property name="deviceModel" value="RMX2030"/>
         <property name="hostAddress" value="192.168.1.33"/>
         <property name="deviceManufacturer" value="realme"/>
         <property name="deviceId" value="4961274a"/>
         <property name="deviceName" value="realme RMX2030 (Android 10)"/>
         <property name="deviceOSVersion" value="10"/>
      </properties>
      <testcase name="Test Cases/Test_HappyDayShopping/FlashSale_AddProduct" time="103.588" classname="Test Cases/Test_HappyDayShopping/FlashSale_AddProduct" status="PASSED">
         <system-out><![CDATA[2023-06-18 21:50:31 - [TEST_CASE][PASSED] - Test Cases/Test_HappyDayShopping/FlashSale_AddProduct: Test Cases/Test_HappyDayShopping/FlashSale_AddProduct

2023-06-18 21:50:33 - [TEST_STEP][PASSED] - startApplication("mobileapp\HappyDayShopping_1.2.apk", true): Started app at: 'C:\Users\joindomain\Katalon_Studio\EduApp\mobileapp\HappyDayShopping_1.2.apk'

2023-06-18 21:50:33 - [MESSAGE][INFO] - User set preference: ['deviceId', '4961274a']

2023-06-18 21:50:34 - [MESSAGE][INFO] - Detected NodeJS location: "C:\Program Files\nodejs\node.exe"

2023-06-18 21:50:37 - [MESSAGE][INFO] - Appium server started on port 49,476

2023-06-18 21:51:14 - [MESSAGE][PASSED] - Started app at: 'C:\Users\joindomain\Katalon_Studio\EduApp\mobileapp\HappyDayShopping_1.2.apk'

2023-06-18 21:51:14 - [TEST_STEP][PASSED] - tap(findTestObject("Object Repository/HappyDayShopping_Mobile/FlashSale2/android.view.ViewGroup"), 0): Tapped on element 'Object Repository/HappyDayShopping_Mobile/FlashSale2/android.view.ViewGroup'

2023-06-18 21:51:15 - [MESSAGE][WARNING] - Timeout '0' is invalid. Using default page load timeout: '30'

2023-06-18 21:51:17 - [MESSAGE][PASSED] - Tapped on element 'Object Repository/HappyDayShopping_Mobile/FlashSale2/android.view.ViewGroup'

2023-06-18 21:51:17 - [TEST_STEP][PASSED] - tap(findTestObject("Object Repository/HappyDayShopping_Mobile/FlashSale2/android.view.ViewGroup (1)"), 0): Tapped on element 'Object Repository/HappyDayShopping_Mobile/FlashSale2/android.view.ViewGroup (1)'

2023-06-18 21:51:17 - [MESSAGE][WARNING] - Timeout '0' is invalid. Using default page load timeout: '30'

2023-06-18 21:51:21 - [MESSAGE][PASSED] - Tapped on element 'Object Repository/HappyDayShopping_Mobile/FlashSale2/android.view.ViewGroup (1)'

2023-06-18 21:51:21 - [TEST_STEP][PASSED] - tap(findTestObject("Object Repository/HappyDayShopping_Mobile/FlashSale2/android.view.ViewGroup (2)"), 0): Tapped on element 'Object Repository/HappyDayShopping_Mobile/FlashSale2/android.view.ViewGroup (2)'

2023-06-18 21:51:22 - [MESSAGE][WARNING] - Timeout '0' is invalid. Using default page load timeout: '30'

2023-06-18 21:51:23 - [MESSAGE][PASSED] - Tapped on element 'Object Repository/HappyDayShopping_Mobile/FlashSale2/android.view.ViewGroup (2)'

2023-06-18 21:51:23 - [TEST_STEP][PASSED] - tap(findTestObject("Object Repository/HappyDayShopping_Mobile/FlashSale2/android.widget.TextView - Your Bag"), 0): Tapped on element 'Object Repository/HappyDayShopping_Mobile/FlashSale2/android.widget.TextView - Your Bag'

2023-06-18 21:51:23 - [MESSAGE][WARNING] - Timeout '0' is invalid. Using default page load timeout: '30'

2023-06-18 21:51:54 - [MESSAGE][PASSED] - Tapped on element 'Object Repository/HappyDayShopping_Mobile/FlashSale2/android.widget.TextView - Your Bag'

2023-06-18 21:51:54 - [TEST_STEP][PASSED] - tap(findTestObject("Object Repository/HappyDayShopping_Mobile/FlashSale2/android.view.ViewGroup (3)"), 0): Tapped on element 'Object Repository/HappyDayShopping_Mobile/FlashSale2/android.view.ViewGroup (3)'

2023-06-18 21:51:54 - [MESSAGE][WARNING] - Timeout '0' is invalid. Using default page load timeout: '30'

2023-06-18 21:51:55 - [MESSAGE][PASSED] - Tapped on element 'Object Repository/HappyDayShopping_Mobile/FlashSale2/android.view.ViewGroup (3)'

2023-06-18 21:51:55 - [TEST_STEP][PASSED] - tap(findTestObject("Object Repository/HappyDayShopping_Mobile/FlashSale2/android.view.ViewGroup (4)"), 0): Tapped on element 'Object Repository/HappyDayShopping_Mobile/FlashSale2/android.view.ViewGroup (4)'

2023-06-18 21:51:55 - [MESSAGE][WARNING] - Timeout '0' is invalid. Using default page load timeout: '30'

2023-06-18 21:51:57 - [MESSAGE][PASSED] - Tapped on element 'Object Repository/HappyDayShopping_Mobile/FlashSale2/android.view.ViewGroup (4)'

2023-06-18 21:51:57 - [TEST_STEP][PASSED] - tap(findTestObject("Object Repository/HappyDayShopping_Mobile/FlashSale2/android.widget.TextView - .2.00   Save"), 0): Tapped on element 'Object Repository/HappyDayShopping_Mobile/FlashSale2/android.widget.TextView - .2.00   Save'

2023-06-18 21:51:57 - [MESSAGE][WARNING] - Timeout '0' is invalid. Using default page load timeout: '30'

2023-06-18 21:51:57 - [MESSAGE][PASSED] - Tapped on element 'Object Repository/HappyDayShopping_Mobile/FlashSale2/android.widget.TextView - .2.00   Save'

2023-06-18 21:51:57 - [TEST_STEP][PASSED] - tap(findTestObject("Object Repository/HappyDayShopping_Mobile/FlashSale2/android.view.ViewGroup (5)"), 0): Tapped on element 'Object Repository/HappyDayShopping_Mobile/FlashSale2/android.view.ViewGroup (5)'

2023-06-18 21:51:58 - [MESSAGE][WARNING] - Timeout '0' is invalid. Using default page load timeout: '30'

2023-06-18 21:51:59 - [MESSAGE][PASSED] - Tapped on element 'Object Repository/HappyDayShopping_Mobile/FlashSale2/android.view.ViewGroup (5)'

2023-06-18 21:51:59 - [TEST_STEP][PASSED] - delay(3, STOP_ON_FAILURE): Delayed 3 second(s)

2023-06-18 21:52:02 - [MESSAGE][PASSED] - Delayed 3 second(s)

2023-06-18 21:52:02 - [TEST_STEP][PASSED] - getText(findTestObject("Object Repository/HappyDayShopping_Mobile/FlashSale2/android.widget.TextView - If you have any inquiries or updates pls whatsap us at 94617563"), 0): Text of element 'Object Repository/HappyDayShopping_Mobile/FlashSale2/android.widget.TextView - If you have any inquiries or updates pls whatsap us at 94617563' is: 'If you have any inquiries or updates pls whatsap us at 94617563. '

2023-06-18 21:52:03 - [MESSAGE][WARNING] - Timeout '0' is invalid. Using default page load timeout: '30'

2023-06-18 21:52:11 - [MESSAGE][PASSED] - Text of element 'Object Repository/HappyDayShopping_Mobile/FlashSale2/android.widget.TextView - If you have any inquiries or updates pls whatsap us at 94617563' is: 'If you have any inquiries or updates pls whatsap us at 94617563. '

2023-06-18 21:52:11 - [TEST_STEP][PASSED] - closeApplication(): Close app successfully

2023-06-18 21:52:15 - [MESSAGE][PASSED] - Close app successfully]]></system-out>
         <system-err><![CDATA[]]></system-err>
      </testcase>
      <testcase name="Test Cases/Test_AppPendaki/OpenDetail" time="43.496" classname="Test Cases/Test_AppPendaki/OpenDetail" status="PASSED">
         <system-out><![CDATA[2023-06-18 21:52:15 - [TEST_CASE][PASSED] - Test Cases/Test_AppPendaki/OpenDetail: Test Cases/Test_AppPendaki/OpenDetail

2023-06-18 21:52:16 - [TEST_STEP][PASSED] - startApplication("mobileapp\app-pendaki.apk", true): Started app at: 'C:\Users\joindomain\Katalon_Studio\EduApp\mobileapp\app-pendaki.apk'

2023-06-18 21:52:16 - [MESSAGE][INFO] - User set preference: ['deviceId', '4961274a']

2023-06-18 21:52:16 - [MESSAGE][INFO] - Detected NodeJS location: "C:\Program Files\nodejs\node.exe"

2023-06-18 21:52:19 - [MESSAGE][INFO] - Appium server started on port 49,712

2023-06-18 21:52:46 - [MESSAGE][PASSED] - Started app at: 'C:\Users\joindomain\Katalon_Studio\EduApp\mobileapp\app-pendaki.apk'

2023-06-18 21:52:46 - [TEST_STEP][PASSED] - delay(3, STOP_ON_FAILURE): Delayed 3 second(s)

2023-06-18 21:52:49 - [MESSAGE][PASSED] - Delayed 3 second(s)

2023-06-18 21:52:49 - [TEST_STEP][PASSED] - tap(findTestObject("Object Repository/Mobile/ListPictureImageView"), 0): Tapped on element 'Object Repository/Mobile/ListPictureImageView'

2023-06-18 21:52:49 - [MESSAGE][WARNING] - Timeout '0' is invalid. Using default page load timeout: '30'

2023-06-18 21:52:50 - [MESSAGE][PASSED] - Tapped on element 'Object Repository/Mobile/ListPictureImageView'

2023-06-18 21:52:50 - [TEST_STEP][PASSED] - scrollToText("Argopoera"): Scrolling to text 'Argopoera' successfully

2023-06-18 21:52:52 - [MESSAGE][PASSED] - Scrolling to text 'Argopoera' successfully

2023-06-18 21:52:52 - [TEST_STEP][PASSED] - tap(findTestObject("Object Repository/Mobile/BackImageButton"), 0): Tapped on element 'Object Repository/Mobile/BackImageButton'

2023-06-18 21:52:52 - [MESSAGE][WARNING] - Timeout '0' is invalid. Using default page load timeout: '30'

2023-06-18 21:52:52 - [MESSAGE][PASSED] - Tapped on element 'Object Repository/Mobile/BackImageButton'

2023-06-18 21:52:52 - [TEST_STEP][PASSED] - delay(3, STOP_ON_FAILURE): Delayed 3 second(s)

2023-06-18 21:52:55 - [MESSAGE][PASSED] - Delayed 3 second(s)

2023-06-18 21:52:55 - [TEST_STEP][PASSED] - closeApplication(): Close app successfully

2023-06-18 21:52:58 - [MESSAGE][PASSED] - Close app successfully]]></system-out>
         <system-err><![CDATA[]]></system-err>
      </testcase>
      <system-out><![CDATA[2023-06-18 21:50:30 - [TEST_SUITE][PASSED] - Apps_FlashSale_appPendaki: Test Cases/Test_AppPendaki/OpenDetail]]></system-out>
      <system-err><![CDATA[]]></system-err>
   </testsuite>
</testsuites>
